<?xml version="1.0" encoding="UTF-8"?>
<!-- Generated by org.testng.reporters.JUnitReportReporter -->
<testsuite hostname="ZT-124" name="com.pwi.controllers.InventoryTestController" tests="5" failures="0" timestamp="28 Mar 2018 22:33:28 GMT" time="0.012" errors="0">
  <testcase name="updateInventory" time="0.003" classname="com.pwi.controllers.InventoryTestController"/>
  <testcase name="getByIdInventory" time="0.001" classname="com.pwi.controllers.InventoryTestController"/>
  <testcase name="deleteInventory" time="0.001" classname="com.pwi.controllers.InventoryTestController"/>
  <testcase name="getListInventory" time="0.005" classname="com.pwi.controllers.InventoryTestController"/>
  <testcase name="createInventory" time="0.002" classname="com.pwi.controllers.InventoryTestController"/>
</testsuite> <!-- com.pwi.controllers.InventoryTestController -->
