<?xml version="1.0" encoding="UTF-8"?>
<!-- Generated by org.testng.reporters.JUnitReportReporter -->
<testsuite hostname="ZT-124" name="com.pwi.controllers.CompanyTestController" tests="5" failures="0" timestamp="28 Mar 2018 22:33:28 GMT" time="0.005" errors="0">
  <testcase name="getByIdCompany" time="0.001" classname="com.pwi.controllers.CompanyTestController"/>
  <testcase name="updateCompany" time="0.001" classname="com.pwi.controllers.CompanyTestController"/>
  <testcase name="getListCompany" time="0.001" classname="com.pwi.controllers.CompanyTestController"/>
  <testcase name="createCompany" time="0.001" classname="com.pwi.controllers.CompanyTestController"/>
  <testcase name="deleteCompany" time="0.001" classname="com.pwi.controllers.CompanyTestController"/>
</testsuite> <!-- com.pwi.controllers.CompanyTestController -->
