<?xml version="1.0" encoding="UTF-8"?>
<!-- Generated by org.testng.reporters.JUnitReportReporter -->
<testsuite hostname="ZT-124" name="com.pwi.controllers.CountryTestController" tests="5" failures="0" timestamp="28 Mar 2018 22:33:28 GMT" time="0.051" errors="0">
  <testcase name="deleteCountry" time="0.005" classname="com.pwi.controllers.CountryTestController"/>
  <testcase name="createCountry" time="0.041" classname="com.pwi.controllers.CountryTestController"/>
  <testcase name="updateCountry" time="0.002" classname="com.pwi.controllers.CountryTestController"/>
  <testcase name="getByIdCountry" time="0.001" classname="com.pwi.controllers.CountryTestController"/>
  <testcase name="getListCountry" time="0.002" classname="com.pwi.controllers.CountryTestController"/>
</testsuite> <!-- com.pwi.controllers.CountryTestController -->
