<?xml version="1.0" encoding="UTF-8"?>
<!-- Generated by org.testng.reporters.JUnitReportReporter -->
<testsuite hostname="ZT-124" name="com.pwi.controllers.WarehouseTestController" tests="5" failures="0" timestamp="28 Mar 2018 22:33:28 GMT" time="0.009" errors="0">
  <testcase name="getByIdWarehouse" time="0.002" classname="com.pwi.controllers.WarehouseTestController"/>
  <testcase name="createWarehouse" time="0.003" classname="com.pwi.controllers.WarehouseTestController"/>
  <testcase name="getListWarehouse" time="0.001" classname="com.pwi.controllers.WarehouseTestController"/>
  <testcase name="updateWarehouse" time="0.002" classname="com.pwi.controllers.WarehouseTestController"/>
  <testcase name="deleteWarehouse" time="0.001" classname="com.pwi.controllers.WarehouseTestController"/>
</testsuite> <!-- com.pwi.controllers.WarehouseTestController -->
