<?xml version="1.0" encoding="UTF-8"?>
<!-- Generated by org.testng.reporters.JUnitReportReporter -->
<testsuite hostname="ZT-124" name="com.pwi.controllers.BrandTestController" tests="5" failures="0" timestamp="28 Mar 2018 22:33:28 GMT" time="0.010" errors="0">
  <testcase name="deleteBrand" time="0.002" classname="com.pwi.controllers.BrandTestController"/>
  <testcase name="updateBrand" time="0.001" classname="com.pwi.controllers.BrandTestController"/>
  <testcase name="createBrand" time="0.003" classname="com.pwi.controllers.BrandTestController"/>
  <testcase name="getByIdBrand" time="0.002" classname="com.pwi.controllers.BrandTestController"/>
  <testcase name="getListBrand" time="0.002" classname="com.pwi.controllers.BrandTestController"/>
</testsuite> <!-- com.pwi.controllers.BrandTestController -->
